The target system is: Generic - 2.3.0 - arm
The host system is: Windows - 10.0.18363 - AMD64
Compiling the C compiler identification source file "CMakeCCompilerId.c" succeeded.
Compiler: C:/Users/cafo/ncs/v1.3.0/toolchain/opt/bin/arm-none-eabi-gcc.exe 
Build flags: 
Id flags: -c 

The output was:
0


Compilation of the C compiler identification source "CMakeCCompilerId.c" produced "CMakeCCompilerId.o"

The C compiler identification is GNU, found in "C:/Users/cafo/ncs/my_ncs/ncs/nrf/samples/bluetooth/central_uart/build_nrf5340pdk_nrf5340_cpuapp/hci_rpmsg/CMakeFiles/3.13.4/CompilerIdC/CMakeCCompilerId.o"

Compiling the CXX compiler identification source file "CMakeCXXCompilerId.cpp" succeeded.
Compiler: C:/Users/cafo/ncs/v1.3.0/toolchain/opt/bin/arm-none-eabi-gcc.exe 
Build flags: 
Id flags: -c 

The output was:
0


Compilation of the CXX compiler identification source "CMakeCXXCompilerId.cpp" produced "CMakeCXXCompilerId.o"

The CXX compiler identification is GNU, found in "C:/Users/cafo/ncs/my_ncs/ncs/nrf/samples/bluetooth/central_uart/build_nrf5340pdk_nrf5340_cpuapp/hci_rpmsg/CMakeFiles/3.13.4/CompilerIdCXX/CMakeCXXCompilerId.o"

Checking whether the ASM compiler is GNU using "--version" matched "(GNU assembler)|(GCC)|(Free Software Foundation)":
arm-none-eabi-gcc.exe (GNU Tools for Arm Embedded Processors 9-2019-q4-major) 9.2.1 20191025 (release) [ARM/arm-9-branch revision 277599]
Copyright (C) 2019 Free Software Foundation, Inc.
This is free software; see the source for copying conditions.  There is NO
warranty; not even for MERCHANTABILITY or FITNESS FOR A PARTICULAR PURPOSE.

Performing C SOURCE FILE Test check_C__nostartfiles__nostdlib__isystem__c__users_cafo_ncs_v1_3_0_toolchain_opt_bin____lib_gcc_arm_none_eabi_9_2_1_include___isystem__c__users_cafo_ncs_v1_3_0_toolchain_opt_bin____lib_gcc_arm_none_eabi_9_2_1_include_fixed___Wl___unresolved_symbols_ignore_in_object_files__Wl___entry_0__mcpu_cortex_m33_nodsp succeeded with the following output:
Change Dir: C:/Users/cafo/ncs/my_ncs/ncs/nrf/samples/bluetooth/central_uart/build_nrf5340pdk_nrf5340_cpuapp/hci_rpmsg/CMakeFiles/CMakeTmp

Run Build Command:"C:/Users/cafo/ncs/v1.3.0/toolchain/opt/bin/ninja.exe" "cmTC_b1ea9"
[1/2] Building C object CMakeFiles/cmTC_b1ea9.dir/src.c.obj
[2/2] Linking C executable cmTC_b1ea9

Source file was:
int main(void) { return 0; }
Performing C SOURCE FILE Test check_fmacro_prefix_map_C__Users_cafo_ncs_v1_3_0_zephyr_samples_bluetooth_hci_rpmsg_CMAKE_SOURCE_DIR_C__nostartfiles__nostdlib__isystem__c__users_cafo_ncs_v1_3_0_toolchain_opt_bin____lib_gcc_arm_none_eabi_9_2_1_include___isystem__c__users_cafo_ncs_v1_3_0_toolchain_opt_bin____lib_gcc_arm_none_eabi_9_2_1_include_fixed___Wl___unresolved_symbols_ignore_in_object_files__Wl___entry_0 succeeded with the following output:
Change Dir: C:/Users/cafo/ncs/my_ncs/ncs/nrf/samples/bluetooth/central_uart/build_nrf5340pdk_nrf5340_cpuapp/hci_rpmsg/CMakeFiles/CMakeTmp

Run Build Command:"C:/Users/cafo/ncs/v1.3.0/toolchain/opt/bin/ninja.exe" "cmTC_c5af9"
[1/2] Building C object CMakeFiles/cmTC_c5af9.dir/src.c.obj
[2/2] Linking C executable cmTC_c5af9

Source file was:
int main(void) { return 0; }
Determining if files stdatomic.h exist passed with the following output:
Change Dir: C:/Users/cafo/ncs/my_ncs/ncs/nrf/samples/bluetooth/central_uart/build_nrf5340pdk_nrf5340_cpuapp/hci_rpmsg/CMakeFiles/CMakeTmp

Run Build Command:"C:/Users/cafo/ncs/v1.3.0/toolchain/opt/bin/ninja.exe" "cmTC_82859"
[1/2] Building C object CMakeFiles/cmTC_82859.dir/HAVE_STDATOMIC_H.c.obj
[2/2] Linking C executable cmTC_82859
arm-none-eabi-gcc.exe: warning: CMakeFiles/cmTC_82859.dir/HAVE_STDATOMIC_H.c.obj: linker input file unused because linking not done


Determining if files fcntl.h exist passed with the following output:
Change Dir: C:/Users/cafo/ncs/my_ncs/ncs/nrf/samples/bluetooth/central_uart/build_nrf5340pdk_nrf5340_cpuapp/hci_rpmsg/CMakeFiles/CMakeTmp

Run Build Command:"C:/Users/cafo/ncs/v1.3.0/toolchain/opt/bin/ninja.exe" "cmTC_1d6ce"
[1/2] Building C object CMakeFiles/cmTC_1d6ce.dir/HAVE_FCNTL_H.c.obj
[2/2] Linking C executable cmTC_1d6ce
arm-none-eabi-gcc.exe: warning: CMakeFiles/cmTC_1d6ce.dir/HAVE_FCNTL_H.c.obj: linker input file unused because linking not done


Performing C SOURCE FILE Test check_C__c__nostartfiles__nostdlib__isystem__c__users_cafo_ncs_v1_3_0_toolchain_opt_bin____lib_gcc_arm_none_eabi_9_2_1_include___isystem__c__users_cafo_ncs_v1_3_0_toolchain_opt_bin____lib_gcc_arm_none_eabi_9_2_1_include_fixed___Wl___unresolved_symbols_ignore_in_object_files__Wl___entry_0__mcpu_cortex_m33_nodsp succeeded with the following output:
Change Dir: C:/Users/cafo/ncs/my_ncs/ncs/nrf/samples/bluetooth/central_uart/build_nrf5340pdk_nrf5340_cpuapp/hci_rpmsg/CMakeFiles/CMakeTmp

Run Build Command:"C:/Users/cafo/ncs/v1.3.0/toolchain/opt/bin/ninja.exe" "cmTC_68056"
[1/2] Building C object CMakeFiles/cmTC_68056.dir/src.c.obj
[2/2] Linking C executable cmTC_68056
arm-none-eabi-gcc.exe: warning: CMakeFiles/cmTC_68056.dir/src.c.obj: linker input file unused because linking not done

Source file was:
int main(void) { return 0; }
Performing C SOURCE FILE Test check_fmacro_prefix_map_C__Users_cafo_ncs_v1_3_0_zephyr_samples_bluetooth_hci_rpmsg_CMAKE_SOURCE_DIR_C__c__nostartfiles__nostdlib__isystem__c__users_cafo_ncs_v1_3_0_toolchain_opt_bin____lib_gcc_arm_none_eabi_9_2_1_include___isystem__c__users_cafo_ncs_v1_3_0_toolchain_opt_bin____lib_gcc_arm_none_eabi_9_2_1_include_fixed___Wl___unresolved_symbols_ignore_in_object_files__Wl___entry_0 succeeded with the following output:
Change Dir: C:/Users/cafo/ncs/my_ncs/ncs/nrf/samples/bluetooth/central_uart/build_nrf5340pdk_nrf5340_cpuapp/hci_rpmsg/CMakeFiles/CMakeTmp

Run Build Command:"C:/Users/cafo/ncs/v1.3.0/toolchain/opt/bin/ninja.exe" "cmTC_36d0c"
[1/2] Building C object CMakeFiles/cmTC_36d0c.dir/src.c.obj
[2/2] Linking C executable cmTC_36d0c
arm-none-eabi-gcc.exe: warning: CMakeFiles/cmTC_36d0c.dir/src.c.obj: linker input file unused because linking not done

Source file was:
int main(void) { return 0; }
Performing C SOURCE FILE Test check_C__c__nostartfiles__nostdlib__isystem__c__users_cafo_ncs_v1_3_0_toolchain_opt_bin____lib_gcc_arm_none_eabi_9_2_1_include___isystem__c__users_cafo_ncs_v1_3_0_toolchain_opt_bin____lib_gcc_arm_none_eabi_9_2_1_include_fixed___Wl___unresolved_symbols_ignore_in_object_files__Wl___entry_0__Wl___print_memory_usage succeeded with the following output:
Change Dir: C:/Users/cafo/ncs/my_ncs/ncs/nrf/samples/bluetooth/central_uart/build_nrf5340pdk_nrf5340_cpuapp/hci_rpmsg/CMakeFiles/CMakeTmp

Run Build Command:"C:/Users/cafo/ncs/v1.3.0/toolchain/opt/bin/ninja.exe" "cmTC_16ff1"
[1/2] Building C object CMakeFiles/cmTC_16ff1.dir/src.c.obj
[2/2] Linking C executable cmTC_16ff1
arm-none-eabi-gcc.exe: warning: CMakeFiles/cmTC_16ff1.dir/src.c.obj: linker input file unused because linking not done

Source file was:
int main(void) { return 0; }
