The target system is: Generic - 2.4.0 - arm
The host system is: Windows - 10.0.18363 - AMD64
Compiling the C compiler identification source file "CMakeCCompilerId.c" succeeded.
Compiler: C:/gnuarmemb/bin/arm-none-eabi-gcc.exe 
Build flags: 
Id flags: -c 

The output was:
0


Compilation of the C compiler identification source "CMakeCCompilerId.c" produced "CMakeCCompilerId.o"

The C compiler identification is GNU, found in "C:/Users/cafo/ncs/my_ncs/ncs/00my_apps/mqtt_work/build/spm/CMakeFiles/3.18.1/CompilerIdC/CMakeCCompilerId.o"

Compiling the CXX compiler identification source file "CMakeCXXCompilerId.cpp" succeeded.
Compiler: C:/gnuarmemb/bin/arm-none-eabi-gcc.exe 
Build flags: 
Id flags: -c 

The output was:
0


Compilation of the CXX compiler identification source "CMakeCXXCompilerId.cpp" produced "CMakeCXXCompilerId.o"

The CXX compiler identification is GNU, found in "C:/Users/cafo/ncs/my_ncs/ncs/00my_apps/mqtt_work/build/spm/CMakeFiles/3.18.1/CompilerIdCXX/CMakeCXXCompilerId.o"

Checking whether the ASM compiler is GNU using "--version" matched "(GNU assembler)|(GCC)|(Free Software Foundation)":
arm-none-eabi-gcc.exe (GNU Arm Embedded Toolchain 9-2020-q2-update) 9.3.1 20200408 (release)
Copyright (C) 2019 Free Software Foundation, Inc.
This is free software; see the source for copying conditions.  There is NO
warranty; not even for MERCHANTABILITY or FITNESS FOR A PARTICULAR PURPOSE.

Performing C SOURCE FILE Test check_fmacro_prefix_map_C__Users_cafo_ncs_my_ncs_ncs_nrf_samples_spm_CMAKE_SOURCE_DIR_C__nostartfiles__nostdlib__isystem__c__gnuarmemb_bin____lib_gcc_arm_none_eabi_9_3_1_include___isystem__c__gnuarmemb_bin____lib_gcc_arm_none_eabi_9_3_1_include_fixed___Wl___unresolved_symbols_ignore_in_object_files__Wl___entry_0 succeeded with the following output:
Change Dir: C:/Users/cafo/ncs/my_ncs/ncs/00my_apps/mqtt_work/build/spm/CMakeFiles/CMakeTmp

Run Build Command(s):C:/ProgramData/chocolatey/bin/ninja.exe cmTC_8cc15 && [1/2] Building C object CMakeFiles/cmTC_8cc15.dir/src.c.obj
[2/2] Linking C executable cmTC_8cc15


Source file was:
int main(void) { return 0; }
